  CharacterSelect.cpp
c:\users\ttotti\documents\visual studio 2017\projects\winapi\game\game\gamestartscene.h(5): warning C4067: 전처리기 지시문 다음에 예기치 않은 토큰이 있습니다. 줄 바꿈 문자가 필요합니다.
  GameLoop.cpp
c:\users\ttotti\documents\visual studio 2017\projects\winapi\game\game\gamestartscene.h(5): warning C4067: 전처리기 지시문 다음에 예기치 않은 토큰이 있습니다. 줄 바꿈 문자가 필요합니다.
  GameStartScene.cpp
c:\users\ttotti\documents\visual studio 2017\projects\winapi\game\game\gamestartscene.h(5): warning C4067: 전처리기 지시문 다음에 예기치 않은 토큰이 있습니다. 줄 바꿈 문자가 필요합니다.
  Layer.cpp
c:\users\ttotti\documents\visual studio 2017\projects\winapi\game\game\layer.cpp(55): warning C4244: '인수': 'float'에서 'int'(으)로 변환하면서 데이터가 손실될 수 있습니다.
c:\users\ttotti\documents\visual studio 2017\projects\winapi\game\game\layer.cpp(62): warning C4244: '인수': 'float'에서 'int'(으)로 변환하면서 데이터가 손실될 수 있습니다.
c:\users\ttotti\documents\visual studio 2017\projects\winapi\game\game\layer.cpp(69): warning C4244: '인수': 'float'에서 'int'(으)로 변환하면서 데이터가 손실될 수 있습니다.
  PNG_Image.cpp
  SpellSelectScene.cpp
c:\users\ttotti\documents\visual studio 2017\projects\winapi\game\game\spellselectscene.cpp(28): warning C4244: '인수': 'int'에서 'float'(으)로 변환하면서 데이터가 손실될 수 있습니다.
c:\users\ttotti\documents\visual studio 2017\projects\winapi\game\game\spellselectscene.cpp(29): warning C4244: '인수': 'int'에서 'float'(으)로 변환하면서 데이터가 손실될 수 있습니다.
  main.cpp
c:\users\ttotti\documents\visual studio 2017\projects\winapi\game\game\gamestartscene.h(5): warning C4067: 전처리기 지시문 다음에 예기치 않은 토큰이 있습니다. 줄 바꿈 문자가 필요합니다.
c:\users\ttotti\documents\visual studio 2017\projects\winapi\game\game\main.cpp(64): warning C4101: 'hdc' :참조되지 않은 지역 변수입니다.
c:\users\ttotti\documents\visual studio 2017\projects\winapi\game\game\main.cpp(65): warning C4101: 'ps' :참조되지 않은 지역 변수입니다.
c:\users\ttotti\documents\visual studio 2017\projects\winapi\game\game\main.cpp(68): warning C4101: 'y' :참조되지 않은 지역 변수입니다.
c:\users\ttotti\documents\visual studio 2017\projects\winapi\game\game\main.cpp(68): warning C4101: 'x' :참조되지 않은 지역 변수입니다.
  mainScene.cpp
c:\users\ttotti\documents\visual studio 2017\projects\winapi\game\game\gamestartscene.h(5): warning C4067: 전처리기 지시문 다음에 예기치 않은 토큰이 있습니다. 줄 바꿈 문자가 필요합니다.
  코드를 생성하고 있습니다...
  Game.vcxproj -> C:\Users\ttotti\Documents\Visual Studio 2017\Projects\WinAPI\Game\Debug\Game.exe
